SF:lib/src/util/time_of_day_extension.dart
DA:4,1
DA:5,3
DA:8,3
DA:9,12
DA:12,3
DA:13,6
DA:14,12
DA:17,1
DA:18,2
DA:21,1
DA:22,2
DA:25,2
DA:26,4
DA:27,2
DA:30,2
DA:31,4
DA:32,2
DA:35,1
DA:36,2
DA:39,1
DA:40,2
LF:21
LH:21
end_of_record
SF:lib/src/time_button.dart
DA:6,3
DA:29,3
DA:31,3
DA:33,3
DA:34,8
DA:36,3
DA:37,3
DA:38,3
DA:39,5
DA:40,12
DA:41,3
DA:42,3
DA:43,3
DA:44,9
DA:45,9
DA:48,3
DA:50,3
DA:52,3
DA:53,3
DA:54,9
LF:20
LH:20
end_of_record
SF:lib/src/time_list.dart
DA:9,2
DA:40,2
DA:41,2
DA:50,2
DA:52,2
DA:53,2
DA:54,6
DA:55,10
DA:59,2
DA:61,2
DA:64,1
DA:66,1
DA:67,4
DA:68,4
DA:69,4
DA:70,1
DA:71,5
DA:75,2
DA:77,4
DA:78,2
DA:81,2
DA:82,6
DA:83,2
DA:86,2
DA:87,4
DA:88,6
DA:89,6
DA:90,2
DA:91,2
DA:93,2
DA:94,6
DA:95,6
DA:99,2
DA:101,2
DA:103,2
DA:104,2
DA:106,6
DA:107,4
DA:108,2
DA:109,2
DA:110,4
DA:111,2
DA:113,2
DA:114,8
DA:115,4
DA:116,4
DA:117,4
DA:118,4
DA:119,4
DA:120,4
DA:121,4
DA:123,4
DA:125,4
DA:126,4
DA:134,2
DA:135,2
DA:136,2
DA:137,6
DA:138,4
DA:141,2
DA:142,6
DA:143,8
DA:144,3
DA:146,4
LF:64
LH:64
end_of_record
SF:lib/src/util/key_extension.dart
DA:4,1
DA:5,1
DA:6,2
DA:8,0
DA:12,1
DA:13,3
LF:6
LH:5
end_of_record
SF:lib/src/time_range.dart
DA:9,1
DA:50,1
DA:51,1
DA:58,1
DA:60,1
DA:61,1
DA:64,0
DA:66,0
DA:67,0
DA:70,1
DA:71,2
DA:72,0
DA:73,0
DA:77,1
DA:79,1
DA:82,1
DA:83,2
DA:84,1
DA:85,3
DA:86,2
DA:88,1
DA:89,3
DA:90,2
DA:91,2
DA:92,5
DA:93,1
DA:94,2
DA:95,2
DA:96,1
DA:97,2
DA:98,2
DA:99,2
DA:100,2
DA:101,2
DA:102,2
DA:103,2
DA:105,2
DA:106,1
DA:107,3
DA:108,2
DA:110,1
DA:111,1
DA:112,3
DA:113,1
DA:114,2
DA:115,1
DA:116,2
DA:117,2
DA:118,1
DA:119,2
DA:120,2
DA:121,2
DA:122,2
DA:123,2
DA:124,2
DA:125,2
DA:131,1
DA:132,4
DA:134,1
DA:135,3
DA:136,2
DA:139,1
DA:140,3
DA:142,2
DA:144,1
DA:145,5
DA:146,5
DA:147,4
DA:149,1
DA:150,3
DA:152,6
DA:157,1
DA:158,3
DA:159,1
DA:160,6
DA:166,1
LF:76
LH:71
end_of_record
